<?xml version="1.0" encoding="UTF-8"?>
<!-- Generated by org.testng.reporters.JUnitXMLReporter -->
<testsuite hostname="Harithas-Mac-mini.local" ignored="1" tests="0" failures="0" timestamp="07 Nov 2019 06:42:22 GMT" time="0.04" errors="0">
  <testcase name="@BeforeTest setup" time="0.0" classname="SanityTests.LoginTest">
    <failure type="org.testng.TestNGException" message="
Parameter &amp;apos;udid&amp;apos; is required by BeforeTest on method setup but has not been marked @Optional or defined
in /Users/saritagidwani/Library/Caches/IdeaIC2019.2/temp-testng-customsuite.xml">
      <![CDATA[org.testng.TestNGException: 
Parameter 'udid' is required by BeforeTest on method setup but has not been marked @Optional or defined
in /Users/saritagidwani/Library/Caches/IdeaIC2019.2/temp-testng-customsuite.xml
... Removed 20 stack frames]]>
    </failure>
  </testcase> <!-- @BeforeTest setup -->
  <testcase name="@AfterTest quit" time="0.0" classname="SanityTests.LoginTest">
    <skipped/>
  </testcase> <!-- @AfterTest quit -->
  <testcase name="login" time="0.0" classname="SanityTests.LoginTest">
    <ignored/>
  </testcase> <!-- login -->
</testsuite>
