<?xml version="1.0" encoding="UTF-8"?>
<!-- Generated by org.testng.reporters.JUnitXMLReporter -->
<testsuite hostname="Harithas-Mac-mini.local" ignored="0" name="Test on samsung" tests="3" failures="1" timestamp="19 Nov 2019 13:54:37 GMT" time="687.421" errors="0">
  <testcase name="input" time="219.916" classname="SanityTests.InputTests"/>
  <testcase name="input" time="206.441" classname="SanityTests.InputTests"/>
  <testcase name="input" time="11.117" classname="SanityTests.InputTests">
    <failure type="java.lang.AssertionError" message="expected [12] but found [1]">
      <![CDATA[java.lang.AssertionError: expected [12] but found [1]
at SanityTests.InputTests.input(InputTests.java:61)
... Removed 30 stack frames]]>
    </failure>
  </testcase> <!-- input -->
</testsuite> <!-- Test on samsung -->
