<!DOCTYPE html PUBLIC "-//W3C//DTD XHTML 1.1//EN" "http://www.w3.org/TR/xhtml11/DTD/xhtml11.dtd">
<html xmlns="http://www.w3.org/1999/xhtml">
<head>
<meta http-equiv="content-type" content="text/html; charset=UTF-8"/>
<title>TestNG Report</title>
<style type="text/css">table {margin-bottom:10px;border-collapse:collapse;empty-cells:show}th,td {border:1px solid #009;padding:.25em .5em}th {vertical-align:bottom}td {vertical-align:top}table a {font-weight:bold}.stripe td {background-color: #E6EBF9}.num {text-align:right}.passedodd td {background-color: #3F3}.passedeven td {background-color: #0A0}.skippedodd td {background-color: #DDD}.skippedeven td {background-color: #CCC}.failedodd td,.attn {background-color: #F33}.failedeven td,.stripe .attn {background-color: #D00}.stacktrace {white-space:pre;font-family:monospace}.totop {font-size:85%;text-align:center;border-bottom:2px solid #000}.invisible {display:none}</style>
</head>
<body>
<table>
<tr><th>Test</th><th># Passed</th><th># Skipped</th><th># Failed</th><th>Time (ms)</th><th>Included Groups</th><th>Excluded Groups</th></tr>
<tr><th colspan="7">Suite1</th></tr>
<tr><td><a href="#t0">Test on Android 8.0</a></td><td class="num">0</td><td class="num attn">1</td><td class="num attn">1</td><td class="num">332,525</td><td></td><td></td></tr>
</table>
<table id='summary'><thead><tr><th>Class</th><th>Method</th><th>Start</th><th>Time (ms)</th></tr></thead><tbody><tr><th colspan="4">Suite1</th></tr></tbody><tbody id="t0"><tr><th colspan="4">Test on Android 8.0 &#8212; failed (configuration methods)</th></tr><tr class="failedeven"><td rowspan="1">SanityTests.InputTests</td><td><a href="#m0">launch</a></td><td rowspan="1">1573811245586</td><td rowspan="1">31749</td></tr><tr><th colspan="4">Test on Android 8.0 &#8212; failed</th></tr><tr class="failedeven"><td rowspan="1">SanityTests.InputTests</td><td><a href="#m1">input</a></td><td rowspan="1">1573811008083</td><td rowspan="1">223730</td></tr><tr><th colspan="4">Test on Android 8.0 &#8212; skipped (configuration methods)</th></tr><tr class="skippedeven"><td rowspan="3">SanityTests.InputTests</td><td><a href="#m2">done</a></td><td rowspan="1">1573811277356</td><td rowspan="1">0</td></tr><tr class="skippedeven"><td><a href="#m3">generateReport</a></td><td rowspan="1">1573811282435</td><td rowspan="1">0</td></tr><tr class="skippedeven"><td><a href="#m4">quit</a></td><td rowspan="1">1573811277360</td><td rowspan="1">0</td></tr><tr><th colspan="4">Test on Android 8.0 &#8212; skipped</th></tr><tr class="skippedeven"><td rowspan="1">SanityTests.InputTests</td><td><a href="#m5">input</a></td><td rowspan="1">1573811277356</td><td rowspan="1">0</td></tr></tbody>
</table>
<h2>Test on Android 8.0</h2><h3 id="m0">SanityTests.InputTests#launch</h3><table class="result"><tr><th>Exception</th></tr><tr><td><div class="stacktrace">java.lang.AssertionError: expected [true] but found [false]
	at SanityTests.InputTests.launch(InputTests.java:34)
... Removed 33 stack frames</div></td></tr></table><p class="totop"><a href="#summary">back to summary</a></p>
<h3 id="m1">SanityTests.InputTests#input</h3><table class="result"><tr class="param"><th>Parameter #1</th><th>Parameter #2</th><th>Parameter #3</th><th>Parameter #4</th><th>Parameter #5</th><th>Parameter #6</th><th>Parameter #7</th><th>Parameter #8</th><th>Parameter #9</th><th>Parameter #10</th><th>Parameter #11</th><th>Parameter #12</th><th>Parameter #13</th><th>Parameter #14</th><th>Parameter #15</th><th>Parameter #16</th><th>Parameter #17</th></tr><tr class="param stripe"><td>2.0</td><td>2.0</td><td>male</td><td>yes</td><td>yes</td><td>no</td><td>Well / Alert</td><td>Sunken</td><td>Normal</td><td>Very Slow(&gt; 3 sec)</td><td>no</td><td>no</td><td>n</td><td>High</td><td>yes</td><td>no</td><td>no</td></tr><tr><th colspan="17">Exception</th></tr><tr><td colspan="17"><div class="stacktrace">java.lang.AssertionError: expected [2.0] but found [2]
	at SanityTests.InputTests.input(InputTests.java:61)
... Removed 30 stack frames</div></td></tr></table><p class="totop"><a href="#summary">back to summary</a></p>
<h3 id="m2">SanityTests.InputTests#done</h3><table class="result"><tr><th class="invisible"/></tr></table><p class="totop"><a href="#summary">back to summary</a></p>
<h3 id="m3">SanityTests.InputTests#generateReport</h3><table class="result"><tr><th class="invisible"/></tr></table><p class="totop"><a href="#summary">back to summary</a></p>
<h3 id="m4">SanityTests.InputTests#quit</h3><table class="result"><tr><th class="invisible"/></tr></table><p class="totop"><a href="#summary">back to summary</a></p>
<h3 id="m5">SanityTests.InputTests#input</h3><table class="result"><tr><th>Exception</th></tr><tr><td><div class="stacktrace">java.lang.AssertionError: expected [true] but found [false]
	at SanityTests.InputTests.launch(InputTests.java:34)
... Removed 33 stack frames</div></td></tr></table><p class="totop"><a href="#summary">back to summary</a></p>
</body>
</html>
